<?xml version="1.0" encoding="UTF-8"?>
<!-- Generated by org.testng.reporters.JUnitReportReporter -->
<testsuite skipped="0" hostname="Shivanis-MacBook-Air.local" name="delete.delete" tests="4" failures="0" timestamp="24 Oct 2019 20:24:29 GMT" time="0.025" errors="0">
  <testcase name="validateDB" time="0.021" classname="delete.delete"/>
  <testcase name="testDeleteResponseStatusLine" time="0.002" classname="delete.delete"/>
  <testcase name="testDeleteResponseCode" time="0.001" classname="delete.delete"/>
  <testcase name="validateHeaders" time="0.001" classname="delete.delete"/>
</testsuite> <!-- delete.delete -->
