<?xml version="1.0" encoding="UTF-8"?>
<!-- Generated by org.testng.reporters.JUnitReportReporter -->
<testsuite skipped="0" hostname="Shivanis-MacBook-Air.local" name="putRequest.putMissingPrice" tests="4" failures="0" timestamp="24 Oct 2019 20:24:24 GMT" time="0.033" errors="0">
  <testcase name="testPutResponseCode" time="0.001" classname="putRequest.putMissingPrice"/>
  <testcase name="testPutResponseStatusLine" time="0.002" classname="putRequest.putMissingPrice"/>
  <testcase name="validateHeaders" time="0.001" classname="putRequest.putMissingPrice"/>
  <testcase name="validateDB" time="0.029" classname="putRequest.putMissingPrice"/>
</testsuite> <!-- putRequest.putMissingPrice -->
