<?xml version="1.0" encoding="UTF-8"?>
<!-- Generated by org.testng.reporters.JUnitReportReporter -->
<testsuite skipped="0" hostname="Shivanis-MacBook-Air.local" name="getRequest.GetData2" tests="1" failures="0" timestamp="27 Sep 2019 19:58:32 GMT" time="0.367" errors="0">
  <testcase name="validateResponseBody" time="0.367" classname="getRequest.GetData2"/>
</testsuite> <!-- getRequest.GetData2 -->
