<?xml version="1.0" encoding="UTF-8"?>
<!-- Generated by org.testng.reporters.JUnitReportReporter -->
<testsuite skipped="0" hostname="Shivanis-MacBook-Air.local" name="dataDrivenTests.DataDrivenPost" tests="4" failures="0" timestamp="19 Sep 2019 20:10:44 GMT" time="0.438" errors="0">
  <testcase name="postNewPoliticians" time="0.100" classname="dataDrivenTests.DataDrivenPost"/>
  <testcase name="postNewPoliticians" time="0.110" classname="dataDrivenTests.DataDrivenPost"/>
  <testcase name="postNewPoliticians" time="0.101" classname="dataDrivenTests.DataDrivenPost"/>
  <testcase name="postNewPoliticians" time="0.127" classname="dataDrivenTests.DataDrivenPost"/>
</testsuite> <!-- dataDrivenTests.DataDrivenPost -->
