<?xml version="1.0" encoding="UTF-8"?>
<!-- Generated by org.testng.reporters.JUnitReportReporter -->
<testsuite skipped="0" hostname="Shivanis-MacBook-Air.local" name="postRequest.PostRequest" tests="3" failures="0" timestamp="24 Oct 2019 20:24:14 GMT" time="0.085" errors="0">
  <testcase name="validateDB" time="0.081" classname="postRequest.PostRequest"/>
  <testcase name="testPostResponseCode" time="0.003" classname="postRequest.PostRequest"/>
  <testcase name="testPostResponseStatusLine" time="0.001" classname="postRequest.PostRequest"/>
</testsuite> <!-- postRequest.PostRequest -->
