<?xml version="1.0" encoding="UTF-8"?>
<!-- Generated by org.testng.reporters.JUnitReportReporter -->
<testsuite skipped="0" hostname="Shivanis-MacBook-Air.local" name="putRequest.putRequestMissing" tests="3" failures="0" timestamp="23 Oct 2019 22:39:06 GMT" time="0.013" errors="0">
  <testcase name="testPostResponseStatusLine" time="0.001" classname="putRequest.putRequestMissing"/>
  <testcase name="testPostResponseCode" time="0.009" classname="putRequest.putRequestMissing"/>
  <testcase name="validateHeaders" time="0.003" classname="putRequest.putRequestMissing"/>
</testsuite> <!-- putRequest.putRequestMissing -->
