<?xml version="1.0" encoding="UTF-8"?>
<!-- Generated by org.testng.reporters.JUnitReportReporter -->
<testsuite skipped="0" hostname="Shivanis-MacBook-Air.local" name="delete.delete" tests="4" failures="0" timestamp="24 Oct 2019 23:37:01 GMT" time="0.014" errors="0">
  <testcase name="validateDB" time="0.014" classname="delete.delete"/>
  <testcase name="validateHeaders" time="0.000" classname="delete.delete"/>
  <testcase name="testDeleteResponseCode" time="0.000" classname="delete.delete"/>
  <testcase name="testDeleteResponseStatusLine" time="0.000" classname="delete.delete"/>
</testsuite> <!-- delete.delete -->
