<?xml version="1.0" encoding="UTF-8"?>
<!-- Generated by org.testng.reporters.JUnitReportReporter -->
<testsuite skipped="0" hostname="Shivanis-MacBook-Air.local" name="putRequest.putMissingName" tests="4" failures="0" timestamp="24 Oct 2019 23:37:31 GMT" time="0.037" errors="0">
  <testcase name="testPutResponseCode" time="0.000" classname="putRequest.putMissingName"/>
  <testcase name="testPutResponseStatusLine" time="0.000" classname="putRequest.putMissingName"/>
  <testcase name="validateDB" time="0.037" classname="putRequest.putMissingName"/>
  <testcase name="validateHeaders" time="0.000" classname="putRequest.putMissingName"/>
</testsuite> <!-- putRequest.putMissingName -->
