<?xml version="1.0" encoding="UTF-8"?>
<!-- Generated by org.testng.reporters.JUnitReportReporter -->
<testsuite skipped="0" hostname="Shivanis-MacBook-Air.local" name="putRequest.putRequest" tests="4" failures="0" timestamp="24 Oct 2019 23:37:26 GMT" time="0.033" errors="0">
  <testcase name="validateDB" time="0.032" classname="putRequest.putRequest"/>
  <testcase name="testPutResponseStatusLine" time="0.000" classname="putRequest.putRequest"/>
  <testcase name="validateHeaders" time="0.001" classname="putRequest.putRequest"/>
  <testcase name="testPutResponseCode" time="0.000" classname="putRequest.putRequest"/>
</testsuite> <!-- putRequest.putRequest -->
