<?xml version="1.0" encoding="UTF-8"?>
<!-- Generated by org.testng.reporters.JUnitReportReporter -->
<testsuite skipped="0" hostname="Shivanis-MacBook-Air.local" name="postRequest.PostRequest" tests="3" failures="0" timestamp="24 Oct 2019 23:36:31 GMT" time="0.050" errors="0">
  <testcase name="testPostResponseCode" time="0.003" classname="postRequest.PostRequest"/>
  <testcase name="validateDB" time="0.047" classname="postRequest.PostRequest"/>
  <testcase name="testPostResponseStatusLine" time="0.000" classname="postRequest.PostRequest"/>
</testsuite> <!-- postRequest.PostRequest -->
