<?xml version="1.0" encoding="UTF-8"?>
<!-- Generated by org.testng.reporters.JUnitReportReporter -->
<testsuite skipped="0" hostname="Shivanis-MacBook-Air.local" name="postRequest.PostRequestCode" tests="2" failures="0" timestamp="24 Oct 2019 23:36:36 GMT" time="0.024" errors="0">
  <testcase name="validateDB" time="0.024" classname="postRequest.PostRequestCode"/>
  <testcase name="testPostResponseCode" time="0.000" classname="postRequest.PostRequestCode"/>
</testsuite> <!-- postRequest.PostRequestCode -->
