<?xml version="1.0" encoding="UTF-8"?>
<!-- Generated by org.testng.reporters.JUnitReportReporter -->
<testsuite skipped="0" hostname="Shivanis-MacBook-Air.local" name="putRequest.putMissingPrice" tests="4" failures="0" timestamp="24 Oct 2019 23:37:36 GMT" time="0.047" errors="0">
  <testcase name="validateDB" time="0.047" classname="putRequest.putMissingPrice"/>
  <testcase name="testPutResponseStatusLine" time="0.000" classname="putRequest.putMissingPrice"/>
  <testcase name="validateHeaders" time="0.000" classname="putRequest.putMissingPrice"/>
  <testcase name="testPutResponseCode" time="0.000" classname="putRequest.putMissingPrice"/>
</testsuite> <!-- putRequest.putMissingPrice -->
